1
1
1
1
1
1
1
1
1
338
1
70
1
70
70
70
1
454
338
1
155
263
155
263
155
283
338
1
454
1
308
338
70
194
155
155
308
263
5
70
194
338
338
426
155
338
298
220
194
5
426
247
289
226
70
155
70
70
5
1
158
220
338
158
462
106
158
158
338
158
454
338
158
197
338
31
31
155
338
338
462
158
558
289
74
462
220
74
889
1
74
353
298
386
386
106
74
106
504
194
155
305
426
308
106
236
158
426
289
353
272
258
527
306
462
314
754
197
429
314
245
31
426
236
358
106
462
652
444
247
6
289
527
163
652
214
6
158
924
264
368
264
83
1
527
283
1
106
790
74
314
214
328
462
200
462
264
247
64
289
155
375
111
155
462
194
400
6
370
194
64
41
386
163
111
226
83
400
638
83
314
462
480
480
444
194
258
338
637
83
308
717
31
386
338
370
83
716
289
627
480
74
462
999
462
400
265
74
166
284
462
207
289
183
454
31
308
272
1
12
29
252
462
400
186
306
340
340
252
386
83
358
429
358
472
252
520
722
247
230
328
306
166
340
197
444
949
400
127
186
41
5
861
64
504
358
230
258
31
386
194
328
381
386
17
901
194
111
74
426
667
53
480
226
166
166
386
504
64
74
1
402
637
310
1
252
340
402
25
325
285
129
402
386
386
12
442
93
70
402
718
375
476
53
111
168
93
264
454
272
161
358
137
183
231
29
370
35
729
227
158
29
411
515
310
980
370
220
444
49
386
454
194
797
340
278
12
638
588
411
128
29
442
430
183
499
186
186
49
252
195
242
64
930
93
766
954
278
418
812
129
351
242
74
427
168
275
790
462
292
35
220
146
566
386
999
542
386
119
260
558
811
403
328
129
473
137
163
220
542
775
411
552
751
480
137
867
70
29
930
148
757
111
192
375
285
168
260
87
504
197
215
35
480
264
386
168
454
454
427
605
292
836
335
403
168
833
714
320
468
370
140
454
724
786
192
397
215
119
298
418
195
320
242
924
532
601
260
775
186
292
683
781
930
626
53
168
353
300
107
86
527
183
412
252
735
444
215
718
397
516
200
555
236
848
509
903
168
207
226
242
140
391
68
715
428
111
454
107
402
186
576
350
783
35
300
358
348
249
978
148
25
720
537
74
877
717
93
35
538
509
17
454
